2025-09-05T03:02:11: node:internal/modules/cjs/loader:497
2025-09-05T03:02:11:       throw err;
2025-09-05T03:02:11:       ^
2025-09-05T03:02:11: 
2025-09-05T03:02:11: Error: Cannot find module '/home/user/webapp/node_modules/snapdragon/node_modules/debug/src/index.js'. Please verify that the package.json has a valid "main" entry
2025-09-05T03:02:11:     at tryPackage (node:internal/modules/cjs/loader:489:19)
2025-09-05T03:02:11:     at Module._findPath (node:internal/modules/cjs/loader:763:18)
2025-09-05T03:02:11:     at Module._resolveFilename (node:internal/modules/cjs/loader:1198:27)
2025-09-05T03:02:11:     at Module._load (node:internal/modules/cjs/loader:1043:27)
2025-09-05T03:02:11:     at Module.require (node:internal/modules/cjs/loader:1298:19)
2025-09-05T03:02:11:     at require (node:internal/modules/helpers:182:18)
2025-09-05T03:02:11:     at Object.<anonymous> (/home/user/webapp/node_modules/snapdragon/lib/compiler.js:5:13)
2025-09-05T03:02:11:     at Module._compile (node:internal/modules/cjs/loader:1529:14)
2025-09-05T03:02:11:     at Module._extensions..js (node:internal/modules/cjs/loader:1613:10)
2025-09-05T03:02:11:     at Module.load (node:internal/modules/cjs/loader:1275:32) {
2025-09-05T03:02:11:   code: 'MODULE_NOT_FOUND',
2025-09-05T03:02:11:   path: '/home/user/webapp/node_modules/snapdragon/node_modules/debug/package.json',
2025-09-05T03:02:11:   requestPath: 'debug'
2025-09-05T03:02:11: }
2025-09-05T03:02:11: 
2025-09-05T03:02:11: Node.js v20.19.3
2025-09-05T03:02:12: node:internal/modules/cjs/loader:497
2025-09-05T03:02:12:       throw err;
2025-09-05T03:02:12:       ^
2025-09-05T03:02:12: 
2025-09-05T03:02:12: Error: Cannot find module '/home/user/webapp/node_modules/snapdragon/node_modules/debug/src/index.js'. Please verify that the package.json has a valid "main" entry
2025-09-05T03:02:12:     at tryPackage (node:internal/modules/cjs/loader:489:19)
2025-09-05T03:02:12:     at Module._findPath (node:internal/modules/cjs/loader:763:18)
2025-09-05T03:02:12:     at Module._resolveFilename (node:internal/modules/cjs/loader:1198:27)
2025-09-05T03:02:12:     at Module._load (node:internal/modules/cjs/loader:1043:27)
2025-09-05T03:02:12:     at Module.require (node:internal/modules/cjs/loader:1298:19)
2025-09-05T03:02:12:     at require (node:internal/modules/helpers:182:18)
2025-09-05T03:02:12:     at Object.<anonymous> (/home/user/webapp/node_modules/snapdragon/lib/compiler.js:5:13)
2025-09-05T03:02:12:     at Module._compile (node:internal/modules/cjs/loader:1529:14)
2025-09-05T03:02:12:     at Module._extensions..js (node:internal/modules/cjs/loader:1613:10)
2025-09-05T03:02:12:     at Module.load (node:internal/modules/cjs/loader:1275:32) {
2025-09-05T03:02:12:   code: 'MODULE_NOT_FOUND',
2025-09-05T03:02:12:   path: '/home/user/webapp/node_modules/snapdragon/node_modules/debug/package.json',
2025-09-05T03:02:12:   requestPath: 'debug'
2025-09-05T03:02:12: }
2025-09-05T03:02:12: 
2025-09-05T03:02:12: Node.js v20.19.3
2025-09-05T03:02:13: node:internal/modules/cjs/loader:497
2025-09-05T03:02:13:       throw err;
2025-09-05T03:02:13:       ^
2025-09-05T03:02:13: 
2025-09-05T03:02:13: Error: Cannot find module '/home/user/webapp/node_modules/snapdragon/node_modules/debug/src/index.js'. Please verify that the package.json has a valid "main" entry
2025-09-05T03:02:13:     at tryPackage (node:internal/modules/cjs/loader:489:19)
2025-09-05T03:02:13:     at Module._findPath (node:internal/modules/cjs/loader:763:18)
2025-09-05T03:02:13:     at Module._resolveFilename (node:internal/modules/cjs/loader:1198:27)
2025-09-05T03:02:13:     at Module._load (node:internal/modules/cjs/loader:1043:27)
2025-09-05T03:02:13:     at Module.require (node:internal/modules/cjs/loader:1298:19)
2025-09-05T03:02:13:     at require (node:internal/modules/helpers:182:18)
2025-09-05T03:02:13:     at Object.<anonymous> (/home/user/webapp/node_modules/snapdragon/lib/compiler.js:5:13)
2025-09-05T03:02:13:     at Module._compile (node:internal/modules/cjs/loader:1529:14)
2025-09-05T03:02:13:     at Module._extensions..js (node:internal/modules/cjs/loader:1613:10)
2025-09-05T03:02:13:     at Module.load (node:internal/modules/cjs/loader:1275:32) {
2025-09-05T03:02:13:   code: 'MODULE_NOT_FOUND',
2025-09-05T03:02:13:   path: '/home/user/webapp/node_modules/snapdragon/node_modules/debug/package.json',
2025-09-05T03:02:13:   requestPath: 'debug'
2025-09-05T03:02:13: }
2025-09-05T03:02:13: 
2025-09-05T03:02:13: Node.js v20.19.3
2025-09-05T03:02:14: node:internal/modules/cjs/loader:497
2025-09-05T03:02:14:       throw err;
2025-09-05T03:02:14:       ^
2025-09-05T03:02:14: 
2025-09-05T03:02:14: Error: Cannot find module '/home/user/webapp/node_modules/snapdragon/node_modules/debug/src/index.js'. Please verify that the package.json has a valid "main" entry
2025-09-05T03:02:14:     at tryPackage (node:internal/modules/cjs/loader:489:19)
2025-09-05T03:02:14:     at Module._findPath (node:internal/modules/cjs/loader:763:18)
2025-09-05T03:02:14:     at Module._resolveFilename (node:internal/modules/cjs/loader:1198:27)
2025-09-05T03:02:14:     at Module._load (node:internal/modules/cjs/loader:1043:27)
2025-09-05T03:02:14:     at Module.require (node:internal/modules/cjs/loader:1298:19)
2025-09-05T03:02:14:     at require (node:internal/modules/helpers:182:18)
2025-09-05T03:02:14:     at Object.<anonymous> (/home/user/webapp/node_modules/snapdragon/lib/compiler.js:5:13)
2025-09-05T03:02:14:     at Module._compile (node:internal/modules/cjs/loader:1529:14)
2025-09-05T03:02:14:     at Module._extensions..js (node:internal/modules/cjs/loader:1613:10)
2025-09-05T03:02:14:     at Module.load (node:internal/modules/cjs/loader:1275:32) {
2025-09-05T03:02:14:   code: 'MODULE_NOT_FOUND',
2025-09-05T03:02:14:   path: '/home/user/webapp/node_modules/snapdragon/node_modules/debug/package.json',
2025-09-05T03:02:14:   requestPath: 'debug'
2025-09-05T03:02:14: }
2025-09-05T03:02:14: 
2025-09-05T03:02:14: Node.js v20.19.3
2025-09-05T03:02:15: node:internal/modules/cjs/loader:497
2025-09-05T03:02:15:       throw err;
2025-09-05T03:02:15:       ^
2025-09-05T03:02:15: 
2025-09-05T03:02:15: Error: Cannot find module '/home/user/webapp/node_modules/snapdragon/node_modules/debug/src/index.js'. Please verify that the package.json has a valid "main" entry
2025-09-05T03:02:15:     at tryPackage (node:internal/modules/cjs/loader:489:19)
2025-09-05T03:02:15:     at Module._findPath (node:internal/modules/cjs/loader:763:18)
2025-09-05T03:02:15:     at Module._resolveFilename (node:internal/modules/cjs/loader:1198:27)
2025-09-05T03:02:15:     at Module._load (node:internal/modules/cjs/loader:1043:27)
2025-09-05T03:02:15:     at Module.require (node:internal/modules/cjs/loader:1298:19)
2025-09-05T03:02:15:     at require (node:internal/modules/helpers:182:18)
2025-09-05T03:02:15:     at Object.<anonymous> (/home/user/webapp/node_modules/snapdragon/lib/compiler.js:5:13)
2025-09-05T03:02:15:     at Module._compile (node:internal/modules/cjs/loader:1529:14)
2025-09-05T03:02:15:     at Module._extensions..js (node:internal/modules/cjs/loader:1613:10)
2025-09-05T03:02:15:     at Module.load (node:internal/modules/cjs/loader:1275:32) {
2025-09-05T03:02:15:   code: 'MODULE_NOT_FOUND',
2025-09-05T03:02:15:   path: '/home/user/webapp/node_modules/snapdragon/node_modules/debug/package.json',
2025-09-05T03:02:15:   requestPath: 'debug'
2025-09-05T03:02:15: }
2025-09-05T03:02:15: 
2025-09-05T03:02:15: Node.js v20.19.3
2025-09-05T03:02:16: node:internal/modules/cjs/loader:497
2025-09-05T03:02:16:       throw err;
2025-09-05T03:02:16:       ^
2025-09-05T03:02:16: 
2025-09-05T03:02:16: Error: Cannot find module '/home/user/webapp/node_modules/snapdragon/node_modules/debug/src/index.js'. Please verify that the package.json has a valid "main" entry
2025-09-05T03:02:16:     at tryPackage (node:internal/modules/cjs/loader:489:19)
2025-09-05T03:02:16:     at Module._findPath (node:internal/modules/cjs/loader:763:18)
2025-09-05T03:02:16:     at Module._resolveFilename (node:internal/modules/cjs/loader:1198:27)
2025-09-05T03:02:16:     at Module._load (node:internal/modules/cjs/loader:1043:27)
2025-09-05T03:02:16:     at Module.require (node:internal/modules/cjs/loader:1298:19)
2025-09-05T03:02:16:     at require (node:internal/modules/helpers:182:18)
2025-09-05T03:02:16:     at Object.<anonymous> (/home/user/webapp/node_modules/snapdragon/lib/compiler.js:5:13)
2025-09-05T03:02:16:     at Module._compile (node:internal/modules/cjs/loader:1529:14)
2025-09-05T03:02:16:     at Module._extensions..js (node:internal/modules/cjs/loader:1613:10)
2025-09-05T03:02:16:     at Module.load (node:internal/modules/cjs/loader:1275:32) {
2025-09-05T03:02:16:   code: 'MODULE_NOT_FOUND',
2025-09-05T03:02:16:   path: '/home/user/webapp/node_modules/snapdragon/node_modules/debug/package.json',
2025-09-05T03:02:16:   requestPath: 'debug'
2025-09-05T03:02:16: }
2025-09-05T03:02:16: 
2025-09-05T03:02:16: Node.js v20.19.3
2025-09-05T03:02:16: node:internal/modules/cjs/loader:497
2025-09-05T03:02:16:       throw err;
2025-09-05T03:02:16:       ^
2025-09-05T03:02:16: 
2025-09-05T03:02:16: Error: Cannot find module '/home/user/webapp/node_modules/snapdragon/node_modules/debug/src/index.js'. Please verify that the package.json has a valid "main" entry
2025-09-05T03:02:16:     at tryPackage (node:internal/modules/cjs/loader:489:19)
2025-09-05T03:02:16:     at Module._findPath (node:internal/modules/cjs/loader:763:18)
2025-09-05T03:02:16:     at Module._resolveFilename (node:internal/modules/cjs/loader:1198:27)
2025-09-05T03:02:16:     at Module._load (node:internal/modules/cjs/loader:1043:27)
2025-09-05T03:02:16:     at Module.require (node:internal/modules/cjs/loader:1298:19)
2025-09-05T03:02:16:     at require (node:internal/modules/helpers:182:18)
2025-09-05T03:02:16:     at Object.<anonymous> (/home/user/webapp/node_modules/snapdragon/lib/compiler.js:5:13)
2025-09-05T03:02:16:     at Module._compile (node:internal/modules/cjs/loader:1529:14)
2025-09-05T03:02:16:     at Module._extensions..js (node:internal/modules/cjs/loader:1613:10)
2025-09-05T03:02:16:     at Module.load (node:internal/modules/cjs/loader:1275:32) {
2025-09-05T03:02:16:   code: 'MODULE_NOT_FOUND',
2025-09-05T03:02:16:   path: '/home/user/webapp/node_modules/snapdragon/node_modules/debug/package.json',
2025-09-05T03:02:16:   requestPath: 'debug'
2025-09-05T03:02:16: }
2025-09-05T03:02:16: 
2025-09-05T03:02:16: Node.js v20.19.3
2025-09-05T03:02:17: node:internal/modules/cjs/loader:497
2025-09-05T03:02:17:       throw err;
2025-09-05T03:02:17:       ^
2025-09-05T03:02:17: 
2025-09-05T03:02:17: Error: Cannot find module '/home/user/webapp/node_modules/snapdragon/node_modules/debug/src/index.js'. Please verify that the package.json has a valid "main" entry
2025-09-05T03:02:17:     at tryPackage (node:internal/modules/cjs/loader:489:19)
2025-09-05T03:02:17:     at Module._findPath (node:internal/modules/cjs/loader:763:18)
2025-09-05T03:02:17:     at Module._resolveFilename (node:internal/modules/cjs/loader:1198:27)
2025-09-05T03:02:17:     at Module._load (node:internal/modules/cjs/loader:1043:27)
2025-09-05T03:02:17:     at Module.require (node:internal/modules/cjs/loader:1298:19)
2025-09-05T03:02:17:     at require (node:internal/modules/helpers:182:18)
2025-09-05T03:02:17:     at Object.<anonymous> (/home/user/webapp/node_modules/snapdragon/lib/compiler.js:5:13)
2025-09-05T03:02:17:     at Module._compile (node:internal/modules/cjs/loader:1529:14)
2025-09-05T03:02:17:     at Module._extensions..js (node:internal/modules/cjs/loader:1613:10)
2025-09-05T03:02:17:     at Module.load (node:internal/modules/cjs/loader:1275:32) {
2025-09-05T03:02:17:   code: 'MODULE_NOT_FOUND',
2025-09-05T03:02:17:   path: '/home/user/webapp/node_modules/snapdragon/node_modules/debug/package.json',
2025-09-05T03:02:17:   requestPath: 'debug'
2025-09-05T03:02:17: }
2025-09-05T03:02:17: 
2025-09-05T03:02:17: Node.js v20.19.3
2025-09-05T03:02:19: node:internal/modules/cjs/loader:497
2025-09-05T03:02:19:       throw err;
2025-09-05T03:02:19:       ^
2025-09-05T03:02:19: 
2025-09-05T03:02:19: Error: Cannot find module '/home/user/webapp/node_modules/snapdragon/node_modules/debug/src/index.js'. Please verify that the package.json has a valid "main" entry
2025-09-05T03:02:19:     at tryPackage (node:internal/modules/cjs/loader:489:19)
2025-09-05T03:02:19:     at Module._findPath (node:internal/modules/cjs/loader:763:18)
2025-09-05T03:02:19:     at Module._resolveFilename (node:internal/modules/cjs/loader:1198:27)
2025-09-05T03:02:19:     at Module._load (node:internal/modules/cjs/loader:1043:27)
2025-09-05T03:02:19:     at Module.require (node:internal/modules/cjs/loader:1298:19)
2025-09-05T03:02:19:     at require (node:internal/modules/helpers:182:18)
2025-09-05T03:02:19:     at Object.<anonymous> (/home/user/webapp/node_modules/snapdragon/lib/compiler.js:5:13)
2025-09-05T03:02:19:     at Module._compile (node:internal/modules/cjs/loader:1529:14)
2025-09-05T03:02:19:     at Module._extensions..js (node:internal/modules/cjs/loader:1613:10)
2025-09-05T03:02:19:     at Module.load (node:internal/modules/cjs/loader:1275:32) {
2025-09-05T03:02:19:   code: 'MODULE_NOT_FOUND',
2025-09-05T03:02:19:   path: '/home/user/webapp/node_modules/snapdragon/node_modules/debug/package.json',
2025-09-05T03:02:19:   requestPath: 'debug'
2025-09-05T03:02:19: }
2025-09-05T03:02:19: 
2025-09-05T03:02:19: Node.js v20.19.3
2025-09-05T03:02:20: node:internal/modules/cjs/loader:497
2025-09-05T03:02:20:       throw err;
2025-09-05T03:02:20:       ^
2025-09-05T03:02:20: 
2025-09-05T03:02:20: Error: Cannot find module '/home/user/webapp/node_modules/snapdragon/node_modules/debug/src/index.js'. Please verify that the package.json has a valid "main" entry
2025-09-05T03:02:20:     at tryPackage (node:internal/modules/cjs/loader:489:19)
2025-09-05T03:02:20:     at Module._findPath (node:internal/modules/cjs/loader:763:18)
2025-09-05T03:02:20:     at Module._resolveFilename (node:internal/modules/cjs/loader:1198:27)
2025-09-05T03:02:20:     at Module._load (node:internal/modules/cjs/loader:1043:27)
2025-09-05T03:02:20:     at Module.require (node:internal/modules/cjs/loader:1298:19)
2025-09-05T03:02:20:     at require (node:internal/modules/helpers:182:18)
2025-09-05T03:02:20:     at Object.<anonymous> (/home/user/webapp/node_modules/snapdragon/lib/compiler.js:5:13)
2025-09-05T03:02:20:     at Module._compile (node:internal/modules/cjs/loader:1529:14)
2025-09-05T03:02:20:     at Module._extensions..js (node:internal/modules/cjs/loader:1613:10)
2025-09-05T03:02:20:     at Module.load (node:internal/modules/cjs/loader:1275:32) {
2025-09-05T03:02:20:   code: 'MODULE_NOT_FOUND',
2025-09-05T03:02:20:   path: '/home/user/webapp/node_modules/snapdragon/node_modules/debug/package.json',
2025-09-05T03:02:20:   requestPath: 'debug'
2025-09-05T03:02:20: }
2025-09-05T03:02:20: 
2025-09-05T03:02:20: Node.js v20.19.3
2025-09-05T03:02:21: node:internal/modules/cjs/loader:497
2025-09-05T03:02:21:       throw err;
2025-09-05T03:02:21:       ^
2025-09-05T03:02:21: 
2025-09-05T03:02:21: Error: Cannot find module '/home/user/webapp/node_modules/snapdragon/node_modules/debug/src/index.js'. Please verify that the package.json has a valid "main" entry
2025-09-05T03:02:21:     at tryPackage (node:internal/modules/cjs/loader:489:19)
2025-09-05T03:02:21:     at Module._findPath (node:internal/modules/cjs/loader:763:18)
2025-09-05T03:02:21:     at Module._resolveFilename (node:internal/modules/cjs/loader:1198:27)
2025-09-05T03:02:21:     at Module._load (node:internal/modules/cjs/loader:1043:27)
2025-09-05T03:02:21:     at Module.require (node:internal/modules/cjs/loader:1298:19)
2025-09-05T03:02:21:     at require (node:internal/modules/helpers:182:18)
2025-09-05T03:02:21:     at Object.<anonymous> (/home/user/webapp/node_modules/snapdragon/lib/compiler.js:5:13)
2025-09-05T03:02:21:     at Module._compile (node:internal/modules/cjs/loader:1529:14)
2025-09-05T03:02:21:     at Module._extensions..js (node:internal/modules/cjs/loader:1613:10)
2025-09-05T03:02:21:     at Module.load (node:internal/modules/cjs/loader:1275:32) {
2025-09-05T03:02:21:   code: 'MODULE_NOT_FOUND',
2025-09-05T03:02:21:   path: '/home/user/webapp/node_modules/snapdragon/node_modules/debug/package.json',
2025-09-05T03:02:21:   requestPath: 'debug'
2025-09-05T03:02:21: }
2025-09-05T03:02:21: 
2025-09-05T03:02:21: Node.js v20.19.3
2025-09-05T03:02:21: node:internal/modules/cjs/loader:497
2025-09-05T03:02:21:       throw err;
2025-09-05T03:02:21:       ^
2025-09-05T03:02:21: 
2025-09-05T03:02:21: Error: Cannot find module '/home/user/webapp/node_modules/snapdragon/node_modules/debug/src/index.js'. Please verify that the package.json has a valid "main" entry
2025-09-05T03:02:21:     at tryPackage (node:internal/modules/cjs/loader:489:19)
2025-09-05T03:02:21:     at Module._findPath (node:internal/modules/cjs/loader:763:18)
2025-09-05T03:02:21:     at Module._resolveFilename (node:internal/modules/cjs/loader:1198:27)
2025-09-05T03:02:21:     at Module._load (node:internal/modules/cjs/loader:1043:27)
2025-09-05T03:02:21:     at Module.require (node:internal/modules/cjs/loader:1298:19)
2025-09-05T03:02:21:     at require (node:internal/modules/helpers:182:18)
2025-09-05T03:02:21:     at Object.<anonymous> (/home/user/webapp/node_modules/snapdragon/lib/compiler.js:5:13)
2025-09-05T03:02:21:     at Module._compile (node:internal/modules/cjs/loader:1529:14)
2025-09-05T03:02:21:     at Module._extensions..js (node:internal/modules/cjs/loader:1613:10)
2025-09-05T03:02:21:     at Module.load (node:internal/modules/cjs/loader:1275:32) {
2025-09-05T03:02:21:   code: 'MODULE_NOT_FOUND',
2025-09-05T03:02:21:   path: '/home/user/webapp/node_modules/snapdragon/node_modules/debug/package.json',
2025-09-05T03:02:21:   requestPath: 'debug'
2025-09-05T03:02:21: }
2025-09-05T03:02:21: 
2025-09-05T03:02:21: Node.js v20.19.3
2025-09-05T03:02:22: node:internal/modules/cjs/loader:497
2025-09-05T03:02:22:       throw err;
2025-09-05T03:02:22:       ^
2025-09-05T03:02:22: 
2025-09-05T03:02:22: Error: Cannot find module '/home/user/webapp/node_modules/snapdragon/node_modules/debug/src/index.js'. Please verify that the package.json has a valid "main" entry
2025-09-05T03:02:22:     at tryPackage (node:internal/modules/cjs/loader:489:19)
2025-09-05T03:02:22:     at Module._findPath (node:internal/modules/cjs/loader:763:18)
2025-09-05T03:02:22:     at Module._resolveFilename (node:internal/modules/cjs/loader:1198:27)
2025-09-05T03:02:22:     at Module._load (node:internal/modules/cjs/loader:1043:27)
2025-09-05T03:02:22:     at Module.require (node:internal/modules/cjs/loader:1298:19)
2025-09-05T03:02:22:     at require (node:internal/modules/helpers:182:18)
2025-09-05T03:02:22:     at Object.<anonymous> (/home/user/webapp/node_modules/snapdragon/lib/compiler.js:5:13)
2025-09-05T03:02:22:     at Module._compile (node:internal/modules/cjs/loader:1529:14)
2025-09-05T03:02:22:     at Module._extensions..js (node:internal/modules/cjs/loader:1613:10)
2025-09-05T03:02:22:     at Module.load (node:internal/modules/cjs/loader:1275:32) {
2025-09-05T03:02:22:   code: 'MODULE_NOT_FOUND',
2025-09-05T03:02:22:   path: '/home/user/webapp/node_modules/snapdragon/node_modules/debug/package.json',
2025-09-05T03:02:22:   requestPath: 'debug'
2025-09-05T03:02:22: }
2025-09-05T03:02:22: 
2025-09-05T03:02:22: Node.js v20.19.3
2025-09-05T03:02:23: node:internal/modules/cjs/loader:497
2025-09-05T03:02:23:       throw err;
2025-09-05T03:02:23:       ^
2025-09-05T03:02:23: 
2025-09-05T03:02:23: Error: Cannot find module '/home/user/webapp/node_modules/snapdragon/node_modules/debug/src/index.js'. Please verify that the package.json has a valid "main" entry
2025-09-05T03:02:23:     at tryPackage (node:internal/modules/cjs/loader:489:19)
2025-09-05T03:02:23:     at Module._findPath (node:internal/modules/cjs/loader:763:18)
2025-09-05T03:02:23:     at Module._resolveFilename (node:internal/modules/cjs/loader:1198:27)
2025-09-05T03:02:23:     at Module._load (node:internal/modules/cjs/loader:1043:27)
2025-09-05T03:02:23:     at Module.require (node:internal/modules/cjs/loader:1298:19)
2025-09-05T03:02:23:     at require (node:internal/modules/helpers:182:18)
2025-09-05T03:02:23:     at Object.<anonymous> (/home/user/webapp/node_modules/snapdragon/lib/compiler.js:5:13)
2025-09-05T03:02:23:     at Module._compile (node:internal/modules/cjs/loader:1529:14)
2025-09-05T03:02:23:     at Module._extensions..js (node:internal/modules/cjs/loader:1613:10)
2025-09-05T03:02:23:     at Module.load (node:internal/modules/cjs/loader:1275:32) {
2025-09-05T03:02:23:   code: 'MODULE_NOT_FOUND',
2025-09-05T03:02:23:   path: '/home/user/webapp/node_modules/snapdragon/node_modules/debug/package.json',
2025-09-05T03:02:23:   requestPath: 'debug'
2025-09-05T03:02:23: }
2025-09-05T03:02:23: 
2025-09-05T03:02:23: Node.js v20.19.3
2025-09-05T03:02:24: node:internal/modules/cjs/loader:497
2025-09-05T03:02:24:       throw err;
2025-09-05T03:02:24:       ^
2025-09-05T03:02:24: 
2025-09-05T03:02:24: Error: Cannot find module '/home/user/webapp/node_modules/snapdragon/node_modules/debug/src/index.js'. Please verify that the package.json has a valid "main" entry
2025-09-05T03:02:24:     at tryPackage (node:internal/modules/cjs/loader:489:19)
2025-09-05T03:02:24:     at Module._findPath (node:internal/modules/cjs/loader:763:18)
2025-09-05T03:02:24:     at Module._resolveFilename (node:internal/modules/cjs/loader:1198:27)
2025-09-05T03:02:24:     at Module._load (node:internal/modules/cjs/loader:1043:27)
2025-09-05T03:02:24:     at Module.require (node:internal/modules/cjs/loader:1298:19)
2025-09-05T03:02:24:     at require (node:internal/modules/helpers:182:18)
2025-09-05T03:02:24:     at Object.<anonymous> (/home/user/webapp/node_modules/snapdragon/lib/compiler.js:5:13)
2025-09-05T03:02:24:     at Module._compile (node:internal/modules/cjs/loader:1529:14)
2025-09-05T03:02:24:     at Module._extensions..js (node:internal/modules/cjs/loader:1613:10)
2025-09-05T03:02:24:     at Module.load (node:internal/modules/cjs/loader:1275:32) {
2025-09-05T03:02:24:   code: 'MODULE_NOT_FOUND',
2025-09-05T03:02:24:   path: '/home/user/webapp/node_modules/snapdragon/node_modules/debug/package.json',
2025-09-05T03:02:24:   requestPath: 'debug'
2025-09-05T03:02:24: }
2025-09-05T03:02:24: 
2025-09-05T03:02:24: Node.js v20.19.3
